=== Update started: Tue Jan  6 11:32:05 EST 2026 ===
==================================================
Santi Ruiz Portfolio - Site Update
==================================================

📚 Updating Goodreads cache...
   ✓ Currently reading: 9 books
   ✓ Recently read: 10 books

📝 Checking Statecraft for new articles...

📰 Checking Free Beacon for new articles...
   Found new: Hispanic Groups Push Biden To Dump Progressive FCC...
   Found new: Experts Worry Biden FCC Pick Will Use Post To Atta...
   Found new: Blackburn Says YouTube Dinged Channel at Behest of...
   Found new: Bezos &#039;Greases&#039; Way Into Dem Establishme...
   Found new: Microsoft Exec Says China Leads the World in Pande...
   Found new: Facebook Changes Name to &#039;Meta&#039; As It Se...
   Found new: Blackburn Says Facebook Whistleblower&#039;s Plan ...
   Found new: Chinese Propaganda Dominates Search Results for US...
   Found new: Klobuchar Staffer Announces Apple Gig Hours After ...
   Found new: Facebook, Instagram Suffer Widespread Outage...
   Found new: Senators Slam Facebook for Adverse Effect on Teens...
   Found new: Amazon Blocks Ad for Book Critical of Black Lives ...
   Found new: Facebook Blocks Ad For Song Critical of Biden&#039...
   Found new: Gettr Isn&#039;t a Hit in the US—But It&#039;s Pop...
   Found new: GOP Congresswoman Asks Facebook To Explain Suspens...
   Found new: Biden Declares Cybersecurity &#039;Core National S...
   Found new: Experts Say Apple&#039;s Child Porn Detection Tool...
   Found new: Twitter Automatically Recommends Users Follow Tali...
   Found new: Gettr Founder Says &#039;Authoritarian Regimes&#03...
   Found new: Critics Say Apple Keeps Its App Store Closed to Ai...
   Found new: Facebook Oversight Board Punts on Trump Ban Decisi...
   Found new: Blackburn Calls Biden FTC Nominee &#039;Not Aggres...
   Found new: Democrats Descend into Twitter War With Amazon...
   Found new: Cruz Calls For Scrutiny of Platforms That Halted G...
   Found new: Day Traders Face Massive Pushback From Social Medi...
   Found new: Twitter Opens Floodgates to Public Moderation But ...

✓ Added 26 new articles
  Total: 287 articles

📡 Regenerating RSS feed...
   ✓ RSS feed updated with 50 items

✓ Done!
==================================================
Changes pushed to GitHub
=== Update finished: Tue Jan  6 11:32:51 EST 2026 ===

